#
# A fatal error has been detected by the Java Runtime Environment:
#
#  EXCEPTION_ACCESS_VIOLATION (0xc0000005) at pc=0x000000005c1fa3c5, pid=7052, tid=8880
#
# JRE version: Java(TM) SE Runtime Environment (8.0_25-b18) (build 1.8.0_25-b18)
# Java VM: Java HotSpot(TM) 64-Bit Server VM (25.25-b02 mixed mode windows-amd64 compressed oops)
# Problematic frame:
# V  [jvm.dll+0x11a3c5]
#
# Failed to write core dump. Minidumps are not enabled by default on client versions of Windows
#
# If you would like to submit a bug report, please visit:
#   http://bugreport.sun.com/bugreport/crash.jsp
#

---------------  T H R E A D  ---------------

Current thread (0x000000001895b000):  JavaThread "JDWP Transport Listener: dt_socket" daemon [_thread_in_vm, id=8880, stack(0x0000000019830000,0x0000000019930000)]

siginfo: ExceptionCode=0xc0000005, reading address 0xffffffffffffffff

Registers:
RAX=0x000000001992f401, RBX=0x000000001895b000, RCX=0x003b002a00000008, RDX=0x0000000000000000
RSP=0x000000001992f440, RBP=0x003b002a00000008, RSI=0x000000001992f558, RDI=0x0000000002f547f0
R8 =0x000000001895b000, R9 =0x0000000000008000, R10=0x0000000000000000, R11=0x000000001992f6c4
R12=0x0000000000000000, R13=0x0000000018965118, R14=0x0000000000000000, R15=0x0000000000000000
RIP=0x000000005c1fa3c5, EFLAGS=0x0000000000010202

Top of Stack: (sp=0x000000001992f440)
0x000000001992f440:   000000001895b000 000000001895b000
0x000000001992f450:   000000001992f508 000000005c3f78db
0x000000001992f460:   000000001895b000 000000005c41413d
0x000000001992f470:   0000000000000000 000000005cef9149
0x000000001992f480:   0000000019d543b0 000000005cf02912
0x000000001992f490:   000000001895b000 0000000000000000
0x000000001992f4a0:   0000000000000000 0000000000000000
0x000000001992f4b0:   003b002a00000008 000000005cf01a09
0x000000001992f4c0:   000000001992f558 000000001992f530
0x000000001992f4d0:   0000000000000001 0000000019d543b0
0x000000001992f4e0:   003b002a00000008 000000005cee53b3
0x000000001992f4f0:   000000001992f620 0000000000000001
0x000000001992f500:   0000000000000001 0000000019d543b0
0x000000001992f510:   0000000000000009 0000000000000000
0x000000001992f520:   0000000000000000 0000000000000000
0x000000001992f530:   0000000000000001 000000005cee5571 

Instructions: (pc=0x000000005c1fa3c5)
0x000000005c1fa3a5:   cc cc cc cc cc cc cc cc cc cc cc 48 83 ec 28 48
0x000000005c1fa3b5:   85 c9 75 07 33 c0 48 83 c4 28 c3 48 89 5c 24 20
0x000000005c1fa3c5:   48 8b 19 48 85 db 74 20 48 83 fb 37 74 1a 48 8b
0x000000005c1fa3d5:   13 48 8b cb ff 52 10 84 c0 74 0d 48 8b c3 48 8b 


Register to memory mapping:

RAX=0x000000001992f401 is pointing into the stack for thread: 0x000000001895b000
RBX=0x000000001895b000 is a thread
RCX=0x003b002a00000008 is an unknown value
RDX=0x0000000000000000 is an unknown value
RSP=0x000000001992f440 is pointing into the stack for thread: 0x000000001895b000
RBP=0x003b002a00000008 is an unknown value
RSI=0x000000001992f558 is pointing into the stack for thread: 0x000000001895b000
RDI=0x0000000002f547f0 is an unknown value
R8 =0x000000001895b000 is a thread
R9 =0x0000000000008000 is an unknown value
R10=0x0000000000000000 is an unknown value
R11=0x000000001992f6c4 is pointing into the stack for thread: 0x000000001895b000
R12=0x0000000000000000 is an unknown value
R13=0x0000000018965118 is an unknown value
R14=0x0000000000000000 is an unknown value
R15=0x0000000000000000 is an unknown value


Stack: [0x0000000019830000,0x0000000019930000],  sp=0x000000001992f440,  free space=1021k
Native frames: (J=compiled Java code, j=interpreted, Vv=VM code, C=native code)
V  [jvm.dll+0x11a3c5]
V  [jvm.dll+0x33413d]
C  [jdwp.dll+0x21a09]
C  [jdwp.dll+0x53b3]
C  [jdwp.dll+0x5571]
C  [jdwp.dll+0xf09c]
C  [jdwp.dll+0x1f2c9]
C  [jdwp.dll+0x1f49e]
V  [jvm.dll+0x1abba8]
V  [jvm.dll+0x22bde4]
V  [jvm.dll+0x2852fa]
C  [msvcr100.dll+0x21d9f]
C  [msvcr100.dll+0x21e3b]
C  [KERNEL32.DLL+0x8364]
C  [ntdll.dll+0x670d1]


---------------  P R O C E S S  ---------------

Java Threads: ( => current thread )
  0x0000000019d4a800 JavaThread "Service Thread" daemon [_thread_blocked, id=4760, stack(0x000000001a1d0000,0x000000001a2d0000)]
  0x000000001898d000 JavaThread "C1 CompilerThread1" daemon [_thread_blocked, id=1324, stack(0x000000001a0d0000,0x000000001a1d0000)]
  0x000000001897c000 JavaThread "C2 CompilerThread0" daemon [_thread_blocked, id=7248, stack(0x0000000019bd0000,0x0000000019cd0000)]
  0x0000000018975000 JavaThread "JDWP Command Reader" daemon [_thread_in_native, id=6520, stack(0x0000000019ad0000,0x0000000019bd0000)]
  0x0000000018967000 JavaThread "JDWP Event Helper Thread" daemon [_thread_blocked, id=4524, stack(0x00000000199d0000,0x0000000019ad0000)]
=>0x000000001895b000 JavaThread "JDWP Transport Listener: dt_socket" daemon [_thread_in_vm, id=8880, stack(0x0000000019830000,0x0000000019930000)]
  0x0000000018951000 JavaThread "Attach Listener" daemon [_thread_blocked, id=9712, stack(0x0000000019730000,0x0000000019830000)]
  0x0000000018901800 JavaThread "Signal Dispatcher" daemon [_thread_blocked, id=8340, stack(0x0000000019630000,0x0000000019730000)]
  0x000000000304b800 JavaThread "Finalizer" daemon [_thread_blocked, id=9424, stack(0x0000000019530000,0x0000000019630000)]
  0x0000000003042000 JavaThread "Reference Handler" daemon [_thread_blocked, id=5376, stack(0x0000000019430000,0x0000000019530000)]
  0x0000000002f59800 JavaThread "main" [_thread_blocked, id=5528, stack(0x0000000002e50000,0x0000000002f50000)]

Other Threads:
  0x00000000188b6800 VMThread [stack: 0x0000000019330000,0x0000000019430000] [id=200]
  0x0000000019d4b800 WatcherThread [stack: 0x000000001a2d0000,0x000000001a3d0000] [id=3664]

VM state:not at safepoint (normal execution)

VM Mutex/Monitor currently owned by a thread: None

Heap:
 PSYoungGen      total 46080K, used 31645K [0x000000078cf00000, 0x0000000790200000, 0x00000007c0000000)
  eden space 39936K, 65% used [0x000000078cf00000,0x000000078e8965b8,0x000000078f600000)
  from space 6144K, 88% used [0x000000078f600000,0x000000078fb51020,0x000000078fc00000)
  to   space 6144K, 0% used [0x000000078fc00000,0x000000078fc00000,0x0000000790200000)
 ParOldGen       total 105472K, used 8K [0x0000000726c00000, 0x000000072d300000, 0x000000078cf00000)
  object space 105472K, 0% used [0x0000000726c00000,0x0000000726c02000,0x000000072d300000)
 Metaspace       used 14763K, capacity 14926K, committed 15232K, reserved 1062912K
  class space    used 1766K, capacity 1825K, committed 1920K, reserved 1048576K

Card table byte_map: [0x0000000012410000,0x00000000128e0000] byte_map_base: 0x000000000eada000

Marking Bits: (ParMarkBitMap*) 0x000000005c8bd490
 Begin Bits: [0x0000000012e20000, 0x0000000015470000)
 End Bits:   [0x0000000015470000, 0x0000000017ac0000)

Polling page: 0x0000000002840000

CodeCache: size=245760Kb used=4116Kb max_used=4116Kb free=241643Kb
 bounds [0x0000000003050000, 0x0000000003460000, 0x0000000012050000]
 total_blobs=1368 nmethods=1012 adapters=278
 compilation: enabled

Compilation events (10 events):
Event: 30.325 Thread 0x000000001898d000 nmethod 993 0x0000000003439090 code [0x0000000003439240, 0x00000000034396f8]
Event: 30.325 Thread 0x000000001898d000  994       3       com.sun.org.apache.xerces.internal.impl.dv.xs.XSSimpleTypeDecl::getTypeCategory (3 bytes)
Event: 30.326 Thread 0x000000001898d000 nmethod 994 0x0000000003438d90 code [0x0000000003438ee0, 0x0000000003439030]
Event: 30.326 Thread 0x000000001898d000  995       3       com.sun.org.apache.xerces.internal.impl.dv.xs.XSSimpleTypeDecl::normalize (247 bytes)
Event: 30.329 Thread 0x000000001898d000 nmethod 995 0x000000000344eb10 code [0x000000000344ee80, 0x00000000034514d8]
Event: 30.330 Thread 0x000000001898d000  996       3       com.sun.org.apache.xerces.internal.dom.DeferredDocumentImpl::getChunkIndex (16 bytes)
Event: 30.330 Thread 0x000000001898d000 nmethod 996 0x00000000034388d0 code [0x0000000003438a40, 0x0000000003438c30]
Event: 30.357 Thread 0x000000001897c000 nmethod 989 0x0000000003454910 code [0x0000000003454be0, 0x0000000003456080]
Event: 30.358 Thread 0x000000001897c000  988       4       java.lang.String::endsWith (17 bytes)
Event: 30.364 Thread 0x000000001897c000 nmethod 988 0x0000000003457190 code [0x00000000034572e0, 0x0000000003457598]

GC Heap History (2 events):
Event: 12.988 GC heap before
{Heap before GC invocations=1 (full 0):
 PSYoungGen      total 46080K, used 39936K [0x000000078cf00000, 0x0000000790200000, 0x00000007c0000000)
  eden space 39936K, 100% used [0x000000078cf00000,0x000000078f600000,0x000000078f600000)
  from space 6144K, 0% used [0x000000078fc00000,0x000000078fc00000,0x0000000790200000)
  to   space 6144K, 0% used [0x000000078f600000,0x000000078f600000,0x000000078fc00000)
 ParOldGen       total 105472K, used 0K [0x0000000726c00000, 0x000000072d300000, 0x000000078cf00000)
  object space 105472K, 0% used [0x0000000726c00000,0x0000000726c00000,0x000000072d300000)
 Metaspace       used 10259K, capacity 10414K, committed 10496K, reserved 1058816K
  class space    used 1231K, capacity 1271K, committed 1280K, reserved 1048576K
Event: 12.997 GC heap after
Heap after GC invocations=1 (full 0):
 PSYoungGen      total 46080K, used 5444K [0x000000078cf00000, 0x0000000790200000, 0x00000007c0000000)
  eden space 39936K, 0% used [0x000000078cf00000,0x000000078cf00000,0x000000078f600000)
  from space 6144K, 88% used [0x000000078f600000,0x000000078fb51020,0x000000078fc00000)
  to   space 6144K, 0% used [0x000000078fc00000,0x000000078fc00000,0x0000000790200000)
 ParOldGen       total 105472K, used 8K [0x0000000726c00000, 0x000000072d300000, 0x000000078cf00000)
  object space 105472K, 0% used [0x0000000726c00000,0x0000000726c02000,0x000000072d300000)
 Metaspace       used 10259K, capacity 10414K, committed 10496K, reserved 1058816K
  class space    used 1231K, capacity 1271K, committed 1280K, reserved 1048576K
}

Deoptimization events (10 events):
Event: 12.929 Thread 0x0000000002f59800 Uncommon trap: reason=range_check action=none pc=0x00000000033278e4 method=sun.reflect.generics.parser.SignatureParser.current()C @ 34
Event: 12.930 Thread 0x0000000002f59800 Uncommon trap: reason=range_check action=none pc=0x00000000033278e4 method=sun.reflect.generics.parser.SignatureParser.current()C @ 34
Event: 12.958 Thread 0x0000000002f59800 Uncommon trap: reason=range_check action=none pc=0x00000000033278e4 method=sun.reflect.generics.parser.SignatureParser.current()C @ 34
Event: 12.959 Thread 0x0000000002f59800 Uncommon trap: reason=range_check action=none pc=0x00000000033278e4 method=sun.reflect.generics.parser.SignatureParser.current()C @ 34
Event: 12.960 Thread 0x0000000002f59800 Uncommon trap: reason=range_check action=none pc=0x00000000033278e4 method=sun.reflect.generics.parser.SignatureParser.current()C @ 34
Event: 12.976 Thread 0x0000000002f59800 Uncommon trap: reason=range_check action=none pc=0x00000000033278e4 method=sun.reflect.generics.parser.SignatureParser.current()C @ 34
Event: 13.005 Thread 0x0000000002f59800 Uncommon trap: reason=range_check action=none pc=0x00000000033278e4 method=sun.reflect.generics.parser.SignatureParser.current()C @ 34
Event: 20.454 Thread 0x0000000002f59800 Uncommon trap: reason=unreached action=reinterpret pc=0x00000000032ed138 method=java.net.URL.<init>(Ljava/net/URL;Ljava/lang/String;Ljava/net/URLStreamHandler;)V @ 347
Event: 33.007 Thread 0x0000000002f59800 Uncommon trap: reason=unreached action=reinterpret pc=0x000000000326527c method=java.lang.AbstractStringBuilder.append(Ljava/lang/String;)Ljava/lang/AbstractStringBuilder; @ 1
Event: 35.215 Thread 0x0000000002f59800 Uncommon trap: reason=unreached action=reinterpret pc=0x0000000003224c44 method=java.lang.AbstractStringBuilder.append(Ljava/lang/String;)Ljava/lang/AbstractStringBuilder; @ 1

Internal exceptions (10 events):
Event: 140.858 Thread 0x0000000002f59800 Exception <a 'java/security/PrivilegedActionException'> (0x000000078e78e638) thrown at [D:\re\workspace\8-2-build-windows-amd64-cygwin\jdk8u25\1677\hotspot\src\share\vm\prims\jvm.cpp, line 1312]
Event: 140.868 Thread 0x0000000002f59800 Exception <a 'java/security/PrivilegedActionException'> (0x000000078e7ab5c0) thrown at [D:\re\workspace\8-2-build-windows-amd64-cygwin\jdk8u25\1677\hotspot\src\share\vm\prims\jvm.cpp, line 1312]
Event: 140.871 Thread 0x0000000002f59800 Exception <a 'java/security/PrivilegedActionException'> (0x000000078e7b2df8) thrown at [D:\re\workspace\8-2-build-windows-amd64-cygwin\jdk8u25\1677\hotspot\src\share\vm\prims\jvm.cpp, line 1312]
Event: 140.874 Thread 0x0000000002f59800 Exception <a 'java/security/PrivilegedActionException'> (0x000000078e7b9b20) thrown at [D:\re\workspace\8-2-build-windows-amd64-cygwin\jdk8u25\1677\hotspot\src\share\vm\prims\jvm.cpp, line 1312]
Event: 140.877 Thread 0x0000000002f59800 Exception <a 'java/security/PrivilegedActionException'> (0x000000078e7bfbe8) thrown at [D:\re\workspace\8-2-build-windows-amd64-cygwin\jdk8u25\1677\hotspot\src\share\vm\prims\jvm.cpp, line 1312]
Event: 140.888 Thread 0x0000000002f59800 Exception <a 'java/security/PrivilegedActionException'> (0x000000078e7e6508) thrown at [D:\re\workspace\8-2-build-windows-amd64-cygwin\jdk8u25\1677\hotspot\src\share\vm\prims\jvm.cpp, line 1312]
Event: 140.898 Thread 0x0000000002f59800 Exception <a 'java/security/PrivilegedActionException'> (0x000000078e807250) thrown at [D:\re\workspace\8-2-build-windows-amd64-cygwin\jdk8u25\1677\hotspot\src\share\vm\prims\jvm.cpp, line 1312]
Event: 140.902 Thread 0x0000000002f59800 Exception <a 'java/security/PrivilegedActionException'> (0x000000078e812768) thrown at [D:\re\workspace\8-2-build-windows-amd64-cygwin\jdk8u25\1677\hotspot\src\share\vm\prims\jvm.cpp, line 1312]
Event: 140.905 Thread 0x0000000002f59800 Exception <a 'java/security/PrivilegedActionException'> (0x000000078e81b708) thrown at [D:\re\workspace\8-2-build-windows-amd64-cygwin\jdk8u25\1677\hotspot\src\share\vm\prims\jvm.cpp, line 1312]
Event: 140.908 Thread 0x0000000002f59800 Exception <a 'java/security/PrivilegedActionException'> (0x000000078e822870) thrown at [D:\re\workspace\8-2-build-windows-amd64-cygwin\jdk8u25\1677\hotspot\src\share\vm\prims\jvm.cpp, line 1312]

Events (10 events):
Event: 569.653 Executing VM operation: GetOrSetLocal
Event: 569.653 Executing VM operation: GetOrSetLocal done
Event: 569.654 Executing VM operation: GetOrSetLocal
Event: 569.654 Executing VM operation: GetOrSetLocal done
Event: 569.654 Executing VM operation: GetOrSetLocal
Event: 569.654 Executing VM operation: GetOrSetLocal done
Event: 569.655 Executing VM operation: GetOrSetLocal
Event: 569.655 Executing VM operation: GetOrSetLocal done
Event: 716.084 Executing VM operation: RedefineClasses
Event: 716.093 Executing VM operation: RedefineClasses done


Dynamic libraries:
0x00007ff6bc2c0000 - 0x00007ff6bc2f4000 	D:\Program Files\Java\jdk1.8.0_25\bin\javaw.exe
0x00007ffd34f30000 - 0x00007ffd35101000 	C:\WINDOWS\SYSTEM32\ntdll.dll
0x00007ffd34e80000 - 0x00007ffd34f2b000 	C:\WINDOWS\System32\KERNEL32.DLL
0x00007ffd322a0000 - 0x00007ffd324bd000 	C:\WINDOWS\System32\KERNELBASE.dll
0x00007ffd33e40000 - 0x00007ffd33ee2000 	C:\WINDOWS\System32\ADVAPI32.dll
0x00007ffd34720000 - 0x00007ffd347be000 	C:\WINDOWS\System32\msvcrt.dll
0x00007ffd33de0000 - 0x00007ffd33e39000 	C:\WINDOWS\System32\sechost.dll
0x00007ffd345c0000 - 0x00007ffd346e1000 	C:\WINDOWS\System32\RPCRT4.dll
0x00007ffd324c0000 - 0x00007ffd32625000 	C:\WINDOWS\System32\USER32.dll
0x00007ffd32040000 - 0x00007ffd3205e000 	C:\WINDOWS\System32\win32u.dll
0x00007ffd34270000 - 0x00007ffd342a4000 	C:\WINDOWS\System32\GDI32.dll
0x00007ffd32060000 - 0x00007ffd321e2000 	C:\WINDOWS\System32\gdi32full.dll
0x00007ffd289c0000 - 0x00007ffd28c3a000 	C:\WINDOWS\WinSxS\amd64_microsoft.windows.common-controls_6595b64144ccf1df_6.0.14393.953_none_42151e83c686086b\COMCTL32.dll
0x00007ffd342f0000 - 0x00007ffd345b8000 	C:\WINDOWS\System32\combase.dll
0x00007ffd31bb0000 - 0x00007ffd31ca5000 	C:\WINDOWS\System32\ucrtbase.dll
0x00007ffd31fd0000 - 0x00007ffd3203a000 	C:\WINDOWS\System32\bcryptPrimitives.dll
0x00007ffd346f0000 - 0x00007ffd3471e000 	C:\WINDOWS\System32\IMM32.DLL
0x000000005d8e0000 - 0x000000005d9b2000 	D:\Program Files\Java\jdk1.8.0_25\jre\bin\msvcr100.dll
0x000000005c0e0000 - 0x000000005c93a000 	D:\Program Files\Java\jdk1.8.0_25\jre\bin\server\jvm.dll
0x00007ffd342e0000 - 0x00007ffd342e8000 	C:\WINDOWS\System32\PSAPI.DLL
0x00007ffd2be20000 - 0x00007ffd2be29000 	C:\WINDOWS\SYSTEM32\WSOCK32.dll
0x00007ffd34010000 - 0x00007ffd3407a000 	C:\WINDOWS\System32\WS2_32.dll
0x00007ffd2f730000 - 0x00007ffd2f753000 	C:\WINDOWS\SYSTEM32\WINMM.dll
0x00007ffd2f6d0000 - 0x00007ffd2f6fb000 	C:\WINDOWS\SYSTEM32\WINMMBASE.dll
0x00007ffd321f0000 - 0x00007ffd32232000 	C:\WINDOWS\System32\cfgmgr32.dll
0x000000005d8d0000 - 0x000000005d8df000 	D:\Program Files\Java\jdk1.8.0_25\jre\bin\verify.dll
0x000000005d8a0000 - 0x000000005d8c8000 	D:\Program Files\Java\jdk1.8.0_25\jre\bin\java.dll
0x000000005cee0000 - 0x000000005cf15000 	D:\Program Files\Java\jdk1.8.0_25\jre\bin\jdwp.dll
0x000000005d850000 - 0x000000005d858000 	D:\Program Files\Java\jdk1.8.0_25\jre\bin\npt.dll
0x000000005d830000 - 0x000000005d846000 	D:\Program Files\Java\jdk1.8.0_25\jre\bin\zip.dll
0x00007ffd327d0000 - 0x00007ffd33cd9000 	C:\WINDOWS\System32\SHELL32.dll
0x00007ffd31420000 - 0x00007ffd31afa000 	C:\WINDOWS\System32\windows.storage.dll
0x00007ffd313d0000 - 0x00007ffd3141c000 	C:\WINDOWS\System32\powrprof.dll
0x00007ffd34cc0000 - 0x00007ffd34d12000 	C:\WINDOWS\System32\shlwapi.dll
0x00007ffd313a0000 - 0x00007ffd313af000 	C:\WINDOWS\System32\kernel.appcore.dll
0x00007ffd31b00000 - 0x00007ffd31ba9000 	C:\WINDOWS\System32\shcore.dll
0x00007ffd313b0000 - 0x00007ffd313c4000 	C:\WINDOWS\System32\profapi.dll
0x000000005ced0000 - 0x000000005ced9000 	D:\Program Files\Java\jdk1.8.0_25\jre\bin\dt_socket.dll
0x00007ffd21b80000 - 0x00007ffd21b96000 	C:\WINDOWS\system32\napinsp.dll
0x00007ffd21b60000 - 0x00007ffd21b7a000 	C:\WINDOWS\system32\pnrpnsp.dll
0x00007ffd2eae0000 - 0x00007ffd2eaf8000 	C:\WINDOWS\system32\NLAapi.dll
0x00007ffd30cc0000 - 0x00007ffd30d1c000 	C:\WINDOWS\System32\mswsock.dll
0x00007ffd30a80000 - 0x00007ffd30b21000 	C:\WINDOWS\SYSTEM32\DNSAPI.dll
0x00007ffd34080000 - 0x00007ffd34088000 	C:\WINDOWS\System32\NSI.dll
0x00007ffd30a40000 - 0x00007ffd30a78000 	C:\WINDOWS\SYSTEM32\IPHLPAPI.DLL
0x00007ffd21b50000 - 0x00007ffd21b5e000 	C:\WINDOWS\System32\winrnr.dll
0x000000005e090000 - 0x000000005e0b6000 	C:\Program Files\Bonjour\mdnsNSP.dll
0x00007ffd2b360000 - 0x00007ffd2b3ca000 	C:\WINDOWS\System32\fwpuclnt.dll
0x00007ffd30f70000 - 0x00007ffd30f9b000 	C:\WINDOWS\SYSTEM32\bcrypt.dll
0x00007ffd2b250000 - 0x00007ffd2b25a000 	C:\Windows\System32\rasadhlp.dll
0x000000005cec0000 - 0x000000005cecd000 	D:\Program Files\Java\jdk1.8.0_25\jre\bin\management.dll
0x000000005d7f0000 - 0x000000005d80a000 	D:\Program Files\Java\jdk1.8.0_25\jre\bin\net.dll
0x000000005cea0000 - 0x000000005ceb1000 	D:\Program Files\Java\jdk1.8.0_25\jre\bin\nio.dll
0x00007ffd23dc0000 - 0x00007ffd23f52000 	C:\WINDOWS\SYSTEM32\dbghelp.dll

VM Arguments:
jvm_args: -agentlib:jdwp=transport=dt_socket,suspend=y,address=localhost:58482 -Dfile.encoding=UTF-8 
java_command: com.csz.spring.Main
java_class_path (initial): E:\workspace\learn\learn\target\classes;E:\learn\git\spring\spring-context\bin\main;E:\learn\git\spring\spring-context\bin\test;\spring-context\spring-context\bin\eclipse;C:\Users\lenovo\.gradle\caches\modules-2\files-2.1\commons-logging\commons-logging\1.2\4bfc12adfe4842bf07b657f0369c4cb522955686\commons-logging-1.2.jar;C:\Users\lenovo\.gradle\caches\modules-2\files-2.1\junit\junit\4.12\2973d150c0dc1fefe998f834810d68f278ea58ec\junit-4.12.jar;C:\Users\lenovo\.gradle\caches\modules-2\files-2.1\org.mockito\mockito-core\2.6.1\1b3ed264482f68ebc4c63be05c888b7e3527e17\mockito-core-2.6.1.jar;C:\Users\lenovo\.gradle\caches\modules-2\files-2.1\org.hamcrest\hamcrest-all\1.3\63a21ebc981131004ad02e0434e799fd7f3a8d5a\hamcrest-all-1.3.jar;C:\Users\lenovo\.gradle\caches\modules-2\files-2.1\org.apache.commons\commons-pool2\2.4.2\e5f4f28f19d57716fbc3989d7a357ebf1e454fea\commons-pool2-2.4.2.jar;C:\Users\lenovo\.gradle\caches\modules-2\files-2.1\org.slf4j\slf4j-api\1.7.25\da76ca59f6a57ee3102f8f9bd9cee742973efa8a\slf4j-api-1.7.25.jar;C:\Users\lenovo\.gradle\caches\modules-2\files-2.1\javax.inject\javax.inject-tck\1\bb0090d50219c265be40fcc8e034dae37fa7be99\javax.inject-tck-1.jar;C:\Users\lenovo\.gradle\caches\modules-2\files-2.1\net.bytebuddy\byte-buddy\1.6.2\f58a01d36e24a94241d44d52c78e380396d5adb2\byte-buddy-1.6.2.jar;C:\Users\lenovo\.gradle\caches\modules-2\files-2.1\net.bytebuddy\byte-buddy-agent\1.6.2\36d9b5636b5499bb3a62713e080c50b2d4f188da\byte-buddy-agent-1.6.2.jar;C:\Users\lenovo\.gradle\caches\modules-2\files-2.1\org.objenesis\objenesis\2.4\2916b6c96b50c5b3ec4452ed99401db745aabb27\objenesis-2.4.jar;C:\Users\lenovo\.gradle\caches\modules-2\files-2.1\javax.inject\javax.inject\1\6975da39a7040257bd51d21a231b76c915872d38\javax.inject-1.jar;C:\Users\lenovo\.gradle\caches\modules-2\files-2.1\org.hamcrest\hamcrest-core\1.3\42a25dc3219429f0e5d060061f71acb49bf010a0\hamcrest-core-1.3.jar;C:\Users\lenovo\.gradle\caches\modules-2\files-2.1\org.apache.logging.lo
Launcher Type: SUN_STANDARD

Environment Variables:
JAVA_HOME=D:\Program Files\Java\jdk1.8.0_25\
PATH=D:\Program Files\Java\jdk1.8.0_25\jre\bin;D:/Program Files/Java/jre1.8.0_121/bin/server;D:/Program Files/Java/jre1.8.0_121/bin;D:/Program Files/Java/jre1.8.0_121/lib/amd64;D:\Program Files\VanDyke Software\Clients\;C:\Program Files (x86)\Common Files\NetSarang;d:\app\lenovo\product\11.2.0\dbhome_1\bin;d:\app\lenovo\product\11.2.0\client_1;C:\ProgramData\Oracle\Java\javapath;C:\Program Files\Broadcom\Broadcom 802.11 Network Adapter\Driver;C:\Program Files (x86)\Intel\iCLS Client\;C:\Program Files\Intel\iCLS Client\;C:\WINDOWS\system32;C:\WINDOWS;C:\WINDOWS\System32\Wbem;C:\WINDOWS\System32\WindowsPowerShell\v1.0\;C:\Program Files\Intel\Intel(R) Management Engine Components\DAL;C:\Program Files\Intel\Intel(R) Management Engine Components\IPT;C:\Program Files (x86)\Intel\Intel(R) Management Engine Components\DAL;C:\Program Files (x86)\Intel\Intel(R) Management Engine Components\IPT;C:\Program Files (x86)\Intel\OpenCL SDK\2.0\bin\x86;C:\Program Files (x86)\Intel\OpenCL SDK\2.0\bin\x64;C:\Program Files\Lenovo\Bluetooth Software\;C:\Program Files\Lenovo\Bluetooth Software\syswow64;C:\ProgramData\Lenovo\ReadyApps;%MAVEN_HOME%\bin;D:\Program Files (x86)\svn\bin;D:\Program Files\Java\jdk1.8.0_25\\bin;E:\learn\gradle-3.4\bin;D:\Program Fi;es (x86)\TortoiseGit\bin;E:\learn\apache-maven-3.2.5\bin;C:\Program Files\Git\cmd;;E:\learn\docker\Docker Toolbox;%USERPROFILE%\AppData\Local\Microsoft\WindowsApps;C:\Users\lenovo\Desktop;
USERNAME=lenovo
OS=Windows_NT
PROCESSOR_IDENTIFIER=Intel64 Family 6 Model 58 Stepping 9, GenuineIntel



---------------  S Y S T E M  ---------------

OS: Windows 8.1 , 64 bit Build 9600 

CPU:total 2 (2 cores per cpu, 1 threads per core) family 6 model 58 stepping 9, cmov, cx8, fxsr, mmx, sse, sse2, sse3, ssse3, sse4.1, sse4.2, popcnt, clmul, erms, tsc, tscinvbit, tscinv

Memory: 4k page, physical 10041032k(5867696k free), swap 12269256k(3634060k free)

vm_info: Java HotSpot(TM) 64-Bit Server VM (25.25-b02) for windows-amd64 JRE (1.8.0_25-b18), built on Oct  7 2014 14:25:37 by "java_re" with MS VC++ 10.0 (VS2010)

time: Sun Apr 09 21:48:36 2017
elapsed time: 716 seconds (0d 0h 11m 56s)

